<?xml version="1.0" encoding="UTF-8"?>
<robot generator="Robot 4.1.3 (Python 3.8.5 on win32)" generated="20220216 21:40:04.957" rpa="false" schemaversion="2">
<suite id="s1" name="4测试用例" source="C:\Users\MAG\PycharmProjects\pyRFProject\4测试用例">
<suite id="s1-s1" name="登录测试用例执行套件" source="C:\Users\MAG\PycharmProjects\pyRFProject\4测试用例\登录测试用例执行套件.robot">
<test id="s1-s1-t1" name="if循环">
<kw name="Set Variable" library="BuiltIn">
<var>${a}</var>
<arg>20</arg>
<doc>Returns the given values which can then be assigned to a variables.</doc>
<msg timestamp="20220216 21:40:05.186" level="INFO">${a} = 20</msg>
<status status="PASS" starttime="20220216 21:40:05.185" endtime="20220216 21:40:05.186"/>
</kw>
<kw name="Set Variable" library="BuiltIn">
<var>${b}</var>
<arg>30</arg>
<doc>Returns the given values which can then be assigned to a variables.</doc>
<msg timestamp="20220216 21:40:05.186" level="INFO">${b} = 30</msg>
<status status="PASS" starttime="20220216 21:40:05.186" endtime="20220216 21:40:05.186"/>
</kw>
<kw name="run keyword if ${a}==${b} log">
<arg>${True}</arg>
<msg timestamp="20220216 21:40:05.188" level="FAIL">No keyword with name 'run keyword if ${a}==${b} log' found.</msg>
<status status="FAIL" starttime="20220216 21:40:05.188" endtime="20220216 21:40:05.188"/>
</kw>
<kw name="... else if ${a}!=${b} log">
<arg>${False}</arg>
<status status="NOT RUN" starttime="20220216 21:40:05.191" endtime="20220216 21:40:05.191"/>
</kw>
<status status="FAIL" starttime="20220216 21:40:05.185" endtime="20220216 21:40:05.192">No keyword with name 'run keyword if ${a}==${b} log' found.</status>
</test>
<status status="FAIL" starttime="20220216 21:40:04.979" endtime="20220216 21:40:05.192"/>
</suite>
<status status="FAIL" starttime="20220216 21:40:04.959" endtime="20220216 21:40:05.192"/>
</suite>
<statistics>
<total>
<stat pass="0" fail="1" skip="0">All Tests</stat>
</total>
<tag>
</tag>
<suite>
<stat pass="0" fail="1" skip="0" id="s1" name="4测试用例">4测试用例</stat>
<stat pass="0" fail="1" skip="0" id="s1-s1" name="登录测试用例执行套件">4测试用例.登录测试用例执行套件</stat>
</suite>
</statistics>
<errors>
</errors>
</robot>
